<?xml version="1.0" encoding="UTF-8"?>
<!-- Generated by org.testng.reporters.JUnitXMLReporter -->
<testsuite hostname="Kumar-PC" ignored="0" name="Default test" tests="5" failures="0" timestamp="06 May 2022 06:22:52 GMT" time="93.303" errors="0">
  <testcase name="tc001" time="12.091" classname="org.registeration.AccountCreation"/>
  <testcase name="tc001" time="11.179" classname="org.registeration.AccountCreation"/>
  <testcase name="tc001" time="11.346" classname="org.registeration.AccountCreation"/>
  <testcase name="tc001" time="11.332" classname="org.registeration.AccountCreation"/>
  <testcase name="tc001" time="11.551" classname="org.registeration.AccountCreation"/>
</testsuite> <!-- Default test -->
