<?xml version="1.0" encoding="UTF-8"?>
<!-- Generated by org.testng.reporters.JUnitXMLReporter -->
<testsuite hostname="Kumar-PC" ignored="0" name="Test" tests="7" failures="0" timestamp="06 May 2022 07:01:22 GMT" time="133.741" errors="0">
  <testcase name="tc003" time="10.585" classname="org.registeration.Terms"/>
  <testcase name="tc002" time="6.829" classname="org.registeration.phoneNoInCorrect"/>
  <testcase name="tc001" time="11.444" classname="org.registeration.AccountCreation"/>
  <testcase name="tc001" time="11.95" classname="org.registeration.AccountCreation"/>
  <testcase name="tc001" time="11.075" classname="org.registeration.AccountCreation"/>
  <testcase name="tc001" time="17.454" classname="org.registeration.AccountCreation"/>
  <testcase name="tc001" time="11.393" classname="org.registeration.AccountCreation"/>
</testsuite> <!-- Test -->
